<?xml version="1.0" encoding="UTF-8"?>
<!-- Generated by org.testng.reporters.JUnitXMLReporter -->
<testsuite ignored="0" hostname="Navya-Shree-S-M-B338-MacBook-Pro.local" failures="1" tests="1" name="Default test" time="19.493" errors="0" timestamp="2022-06-28T17:04:30 IST">
  <testcase classname="Test.Practice" name="openCalculator" time="19.408">
    <failure type="org.openqa.selenium.InvalidSelectorException" message="org.eclipse.wst.xml.xpath2.processor.XPathParserException: JFlex lexer error: Unknown character at line 1 col 33: ‘
For documentation on this error, please visit: https://www.seleniumhq.org/exceptions/invalid_selector_exception.html
Build info: version: &amp;apos;3.141.59&amp;apos;, revision: &amp;apos;e82be7d358&amp;apos;, time: &amp;apos;2018-11-14T08:17:03&amp;apos;
System info: host: &amp;apos;Navya-Shree-S-M-B338-MacBook-Pro.local&amp;apos;, ip: &amp;apos;192.168.78.138&amp;apos;, os.name: &amp;apos;Mac OS X&amp;apos;, os.arch: &amp;apos;x86_64&amp;apos;, os.version: &amp;apos;11.6&amp;apos;, java.version: &amp;apos;18.0.1&amp;apos;
Driver info: io.appium.java_client.android.AndroidDriver
Capabilities {appActivity: com.android.settings.MainSe..., appPackage: com.android.settings, automationName: UiAutomator2, databaseEnabled: false, desired: {appActivity: com.android.settings.MainSe..., appPackage: com.android.settings, automationName: UiAutomator2, deviceName: Redmi, platformName: android, platformVersion: 11, udid: 7c8a42ee}, deviceApiLevel: 30, deviceManufacturer: Xiaomi, deviceModel: M2101K6I, deviceName: 7c8a42ee, deviceScreenDensity: 440, deviceScreenSize: 1080x2400, deviceUDID: 7c8a42ee, javascriptEnabled: true, locationContextEnabled: false, networkConnectionEnabled: true, pixelRatio: 2.75, platform: LINUX, platformName: Android, platformVersion: 11, statBarHeight: 93, takesScreenshot: true, udid: 7c8a42ee, viewportRect: {height: 2084, left: 0, top: 93, width: 1080}, warnings: {}, webStorageEnabled: false}
Session ID: bbf5dd02-d94a-4f33-a989-d50f2937986f
*** Element info: {Using=xpath, value=//android.widget.TextView[@text=‘Wi-Fi’]}">
      <![CDATA[org.openqa.selenium.InvalidSelectorException: org.eclipse.wst.xml.xpath2.processor.XPathParserException: JFlex lexer error: Unknown character at line 1 col 33: ‘
For documentation on this error, please visit: https://www.seleniumhq.org/exceptions/invalid_selector_exception.html
Build info: version: '3.141.59', revision: 'e82be7d358', time: '2018-11-14T08:17:03'
System info: host: 'Navya-Shree-S-M-B338-MacBook-Pro.local', ip: '192.168.78.138', os.name: 'Mac OS X', os.arch: 'x86_64', os.version: '11.6', java.version: '18.0.1'
Driver info: io.appium.java_client.android.AndroidDriver
Capabilities {appActivity: com.android.settings.MainSe..., appPackage: com.android.settings, automationName: UiAutomator2, databaseEnabled: false, desired: {appActivity: com.android.settings.MainSe..., appPackage: com.android.settings, automationName: UiAutomator2, deviceName: Redmi, platformName: android, platformVersion: 11, udid: 7c8a42ee}, deviceApiLevel: 30, deviceManufacturer: Xiaomi, deviceModel: M2101K6I, deviceName: 7c8a42ee, deviceScreenDensity: 440, deviceScreenSize: 1080x2400, deviceUDID: 7c8a42ee, javascriptEnabled: true, locationContextEnabled: false, networkConnectionEnabled: true, pixelRatio: 2.75, platform: LINUX, platformName: Android, platformVersion: 11, statBarHeight: 93, takesScreenshot: true, udid: 7c8a42ee, viewportRect: {height: 2084, left: 0, top: 93, width: 1080}, warnings: {}, webStorageEnabled: false}
Session ID: bbf5dd02-d94a-4f33-a989-d50f2937986f
*** Element info: {Using=xpath, value=//android.widget.TextView[@text=‘Wi-Fi’]}
at java.base/jdk.internal.reflect.DirectConstructorHandleAccessor.newInstance(DirectConstructorHandleAccessor.java:67)
at java.base/java.lang.reflect.Constructor.newInstanceWithCaller(Constructor.java:499)
at java.base/java.lang.reflect.Constructor.newInstance(Constructor.java:483)
at org.openqa.selenium.remote.http.W3CHttpResponseCodec.createException(W3CHttpResponseCodec.java:187)
at org.openqa.selenium.remote.http.W3CHttpResponseCodec.decode(W3CHttpResponseCodec.java:122)
at org.openqa.selenium.remote.http.W3CHttpResponseCodec.decode(W3CHttpResponseCodec.java:49)
at org.openqa.selenium.remote.HttpCommandExecutor.execute(HttpCommandExecutor.java:158)
at io.appium.java_client.remote.AppiumCommandExecutor.execute(AppiumCommandExecutor.java:239)
at org.openqa.selenium.remote.RemoteWebDriver.execute(RemoteWebDriver.java:552)
at io.appium.java_client.DefaultGenericMobileDriver.execute(DefaultGenericMobileDriver.java:42)
at io.appium.java_client.AppiumDriver.execute(AppiumDriver.java:1)
at io.appium.java_client.android.AndroidDriver.execute(AndroidDriver.java:1)
at org.openqa.selenium.remote.RemoteWebDriver.findElement(RemoteWebDriver.java:323)
at io.appium.java_client.DefaultGenericMobileDriver.findElement(DefaultGenericMobileDriver.java:62)
at io.appium.java_client.AppiumDriver.findElement(AppiumDriver.java:1)
at io.appium.java_client.android.AndroidDriver.findElement(AndroidDriver.java:1)
at org.openqa.selenium.remote.RemoteWebDriver.findElementByXPath(RemoteWebDriver.java:428)
at io.appium.java_client.DefaultGenericMobileDriver.findElementByXPath(DefaultGenericMobileDriver.java:152)
at io.appium.java_client.AppiumDriver.findElementByXPath(AppiumDriver.java:1)
at io.appium.java_client.android.AndroidDriver.findElementByXPath(AndroidDriver.java:1)
at org.openqa.selenium.By$ByXPath.findElement(By.java:353)
at org.openqa.selenium.remote.RemoteWebDriver.findElement(RemoteWebDriver.java:315)
at io.appium.java_client.DefaultGenericMobileDriver.findElement(DefaultGenericMobileDriver.java:58)
at io.appium.java_client.AppiumDriver.findElement(AppiumDriver.java:1)
at io.appium.java_client.android.AndroidDriver.findElement(AndroidDriver.java:1)
at Test.Practice.openCalculator(Practice.java:40)
at java.base/jdk.internal.reflect.DirectMethodHandleAccessor.invoke(DirectMethodHandleAccessor.java:104)
at java.base/java.lang.reflect.Method.invoke(Method.java:577)
at org.testng.internal.MethodInvocationHelper.invokeMethod(MethodInvocationHelper.java:133)
at org.testng.internal.TestInvoker.invokeMethod(TestInvoker.java:598)
at org.testng.internal.TestInvoker.invokeTestMethod(TestInvoker.java:173)
at org.testng.internal.MethodRunner.runInSequence(MethodRunner.java:46)
at org.testng.internal.TestInvoker$MethodInvocationAgent.invoke(TestInvoker.java:824)
at org.testng.internal.TestInvoker.invokeTestMethods(TestInvoker.java:146)
at org.testng.internal.TestMethodWorker.invokeTestMethods(TestMethodWorker.java:146)
at org.testng.internal.TestMethodWorker.run(TestMethodWorker.java:128)
at java.base/java.util.ArrayList.forEach(ArrayList.java:1511)
at org.testng.TestRunner.privateRun(TestRunner.java:794)
at org.testng.TestRunner.run(TestRunner.java:596)
at org.testng.SuiteRunner.runTest(SuiteRunner.java:377)
at org.testng.SuiteRunner.runSequentially(SuiteRunner.java:371)
at org.testng.SuiteRunner.privateRun(SuiteRunner.java:332)
at org.testng.SuiteRunner.run(SuiteRunner.java:276)
at org.testng.SuiteRunnerWorker.runSuite(SuiteRunnerWorker.java:53)
at org.testng.SuiteRunnerWorker.run(SuiteRunnerWorker.java:96)
at org.testng.TestNG.runSuitesSequentially(TestNG.java:1212)
at org.testng.TestNG.runSuitesLocally(TestNG.java:1134)
at org.testng.TestNG.runSuites(TestNG.java:1063)
at org.testng.TestNG.run(TestNG.java:1031)
at org.testng.remote.AbstractRemoteTestNG.run(AbstractRemoteTestNG.java:115)
at org.testng.remote.RemoteTestNG.initAndRun(RemoteTestNG.java:251)
at org.testng.remote.RemoteTestNG.main(RemoteTestNG.java:77)
]]>
    </failure>
  </testcase> <!-- openCalculator -->
</testsuite> <!-- Default test -->
