<?xml version="1.0" encoding="UTF-8"?>
<!-- Generated by org.testng.reporters.JUnitXMLReporter -->
<testsuite ignored="0" hostname="Navya-Shree-S-M-B338-MacBook-Pro.local" failures="1" tests="1" name="Test" time="0.129" errors="0" timestamp="2022-06-06T18:51:59 IST">
  <testcase classname="Test.Appium_Practice" name="testing" time="0.082">
    <failure type="java.lang.NoClassDefFoundError" message="org/openqa/selenium/remote/internal/JsonToWebElementConverter">
      <![CDATA[java.lang.NoClassDefFoundError: org/openqa/selenium/remote/internal/JsonToWebElementConverter
at Test.Appium_Practice.testing(Appium_Practice.java:35)
at java.base/java.util.ArrayList.forEach(ArrayList.java:1511)
Caused by: java.lang.ClassNotFoundException: org.openqa.selenium.remote.internal.JsonToWebElementConverter
at java.base/jdk.internal.loader.BuiltinClassLoader.loadClass(BuiltinClassLoader.java:641)
at java.base/jdk.internal.loader.ClassLoaders$AppClassLoader.loadClass(ClassLoaders.java:188)
at java.base/java.lang.ClassLoader.loadClass(ClassLoader.java:521)
... 27 more
... Removed 25 stack frames]]>
    </failure>
  </testcase> <!-- testing -->
</testsuite> <!-- Test -->
