<?xml version="1.0" encoding="UTF-8"?>
<testng-results ignored="0" total="1" passed="1" failed="0" skipped="0">
  <reporter-output>
  </reporter-output>
  <suite started-at="2022-06-28T17:08:55 IST" name="Suite" finished-at="2022-06-28T17:09:34 IST" duration-ms="39291">
    <groups>
    </groups>
    <test started-at="2022-06-28T17:08:55 IST" name="Test" finished-at="2022-06-28T17:09:34 IST" duration-ms="39291">
      <class name="Test.Practice">
        <test-method signature="openCalculator()[pri:0, instance:Test.Practice@9573584]" started-at="2022-06-28T17:08:55 IST" name="openCalculator" finished-at="2022-06-28T17:09:34 IST" duration-ms="39193" status="PASS">
          <reporter-output>
          </reporter-output>
        </test-method> <!-- openCalculator -->
      </class> <!-- Test.Practice -->
    </test> <!-- Test -->
  </suite> <!-- Suite -->
</testng-results>
