<?xml version="1.0" encoding="UTF-8"?>
<testng-results ignored="0" total="1" passed="1" failed="0" skipped="0">
  <reporter-output>
  </reporter-output>
  <suite started-at="2022-06-06T19:29:59 IST" name="Default suite" finished-at="2022-06-06T19:38:27 IST" duration-ms="507485">
    <groups>
    </groups>
    <test started-at="2022-06-06T19:29:59 IST" name="Default test" finished-at="2022-06-06T19:38:27 IST" duration-ms="507485">
      <class name="Test.Practice">
        <test-method signature="openCalculator()[pri:0, instance:Test.Practice@bd4dc25]" started-at="2022-06-06T19:29:59 IST" name="openCalculator" finished-at="2022-06-06T19:38:27 IST" duration-ms="507433" status="PASS">
          <reporter-output>
          </reporter-output>
        </test-method> <!-- openCalculator -->
      </class> <!-- Test.Practice -->
    </test> <!-- Default test -->
  </suite> <!-- Default suite -->
</testng-results>
